2021-11-23 21:32:06,279 INFO     {}
2021-11-23 21:32:06,280 INFO     HeadsofOrders:[]
2021-11-23 21:32:06,280 INFO     Taco counter: 0
2021-11-23 21:32:06,323 INFO     Iniciando particion de orden x
2021-11-23 21:32:06,323 INFO     Stack 0 has ben put in head
2021-11-23 21:32:06,323 INFO     Stack 1 has ben put in head
2021-11-23 21:32:06,323 INFO     Stack 2 has ben put in head
2021-11-23 21:32:06,323 INFO     Stack 3 has ben put in head
2021-11-23 21:32:06,323 INFO     Stack 4 has ben put in head
2021-11-23 21:32:06,323 INFO     Taquero is splitting or scheduling, cannot pick  a new index
2021-11-23 21:32:06,323 INFO     Stack 5 has ben put in head
2021-11-23 21:32:06,323 INFO     Taquero is splitting or scheduling, cannot pick  a new index
2021-11-23 21:32:06,324 INFO     Stack 6 has ben put in head
2021-11-23 21:32:06,324 INFO     Taquero is splitting or scheduling, cannot pick  a new index
2021-11-23 21:32:06,324 INFO     Stack 7 has ben put ahead
2021-11-23 21:32:06,324 INFO     Taquero is splitting or scheduling, cannot pick  a new index
2021-11-23 21:32:06,324 INFO     Sorting start
2021-11-23 21:32:06,324 INFO     Taquero is splitting or scheduling, cannot pick  a new index
2021-11-23 21:32:06,324 INFO     Sorting end
2021-11-23 21:32:06,324 INFO     Taquero is splitting or scheduling, cannot pick  a new index
2021-11-23 21:32:06,324 INFO     Finalizada la particion y organización de orden x
2021-11-23 21:32:06,324 INFO     Taquero will sort to pick
2021-11-23 21:32:06,324 INFO     Sorting start
2021-11-23 21:32:06,324 INFO     Sorting end
2021-11-23 21:32:06,324 INFO     Taquero has sorted and will pick
2021-11-23 21:32:06,325 INFO     Stack 3 assigned to work at
2021-11-23 21:32:08,828 INFO     Stack 3 completed
2021-11-23 21:32:08,828 INFO     Taquero will sort to pick
2021-11-23 21:32:08,828 INFO     Sorting start
2021-11-23 21:32:08,829 INFO     Sorting end
2021-11-23 21:32:08,829 INFO     Taquero has sorted and will pick
2021-11-23 21:32:08,829 INFO     Stack 7 assigned to work at
2021-11-23 21:32:09,327 INFO     {'7': [22.66668, 0.7813901455074217, (0, 2, 0), 1637731926.3241625, 4, 5.66667, 8.0, 2.0], '0': [38.333349999999996, 0.8363634569537786, (0, 0, 0), 1637731926.323461, 5.0, 7.66667, 12.5, 2.5], '1': [38.333349999999996, 0.26086945179589055, (0, 0, 1), 1637731926.3235443, 5.0, 7.66667, 12.5, 2.5], '2': [38.333349999999996, 0.26086945179589055, (0, 0, 2), 1637731926.323602, 5.0, 7.66667, 12.5, 2.5], '4': [38.333349999999996, 0.8363150182247308, (0, 1, 1), 1637731926.3237307, 5.0, 7.66667, 12.5, 2.5], '5': [38.333349999999996, 0.26086945179589055, (0, 1, 2), 1637731926.323881, 5.0, 7.66667, 12.5, 2.5], '6': [38.333349999999996, 0.26086945179589055, (0, 1, 3), 1637731926.3240318, 5.0, 7.66667, 12.5, 2.5]}
2021-11-23 21:32:09,327 INFO     HeadsofOrders:[0, 7, 4]
2021-11-23 21:32:09,328 INFO     Taco counter: 1
2021-11-23 21:32:09,328 INFO     Iniciando particion de orden x
2021-11-23 21:32:09,329 INFO     Stack 8 has ben put in head
2021-11-23 21:32:09,329 INFO     Stack 9 has ben put in head
2021-11-23 21:32:09,329 INFO     Stack 10 has ben put in head
2021-11-23 21:32:09,330 INFO     Stack 11 has ben put in head
2021-11-23 21:32:09,330 INFO     Stack 12 has ben put in head
2021-11-23 21:32:09,330 INFO     Stack 13 has ben put in head
2021-11-23 21:32:09,331 INFO     Stack 14 has ben put in head
2021-11-23 21:32:09,331 INFO     Stack 15 has ben put in head
2021-11-23 21:32:09,331 INFO     Sorting start
2021-11-23 21:32:09,332 INFO     Sorting end
2021-11-23 21:32:09,332 INFO     Finalizada la particion y organización de orden x
2021-11-23 21:32:12,335 INFO     {'0': [38.333349999999996, 1.4118170203426028, (0, 0, 0), 1637731926.323461, 5.0, 7.66667, 12.5, 2.5], '4': [38.333349999999996, 1.4117683531289842, (0, 1, 1), 1637731926.3237307, 5.0, 7.66667, 12.5, 2.5], '7': [22.66668, 1.121658283643141, (0, 2, 0), 1637731926.3241625, 4, 5.66667, 5.0, 2.0], '8': [25.5, 0.7745498604867973, (1, 0, 0), 1637731929.3292627, 3.0, 8.5, 7.5, 2.5], '9': [34.0, 0.29411764705882354, (1, 0, 1), 1637731929.3295853, 4.0, 8.5, 10.0, 2.5], '10': [34.0, 0.29411764705882354, (1, 0, 2), 1637731929.3298588, 4.0, 8.5, 10.0, 2.5], '11': [34.0, 0.29411764705882354, (1, 0, 3), 1637731929.330183, 4.0, 8.5, 10.0, 2.5], '12': [34.0, 0.29411764705882354, (1, 0, 4), 1637731929.3304532, 4.0, 8.5, 10.0, 2.5], '13': [34.0, 0.29411764705882354, (1, 0, 5), 1637731929.3307214, 4.0, 8.5, 10.0, 2.5], '14': [34.0, 0.29411764705882354, (1, 0, 6), 1637731929.331033, 4.0, 8.5, 10.0, 2.5], '15': [34.0, 0.29411764705882354, (1, 0, 7), 1637731929.3313556, 4.0, 8.5, 10.0, 2.5], '1': [38.333349999999996, 0.26086945179589055, (0, 0, 1), 1637731926.3235443, 5.0, 7.66667, 12.5, 2.5], '2': [38.333349999999996, 0.26086945179589055, (0, 0, 2), 1637731926.323602, 5.0, 7.66667, 12.5, 2.5], '5': [38.333349999999996, 0.26086945179589055, (0, 1, 2), 1637731926.323881, 5.0, 7.66667, 12.5, 2.5], '6': [38.333349999999996, 0.26086945179589055, (0, 1, 3), 1637731926.3240318, 5.0, 7.66667, 12.5, 2.5]}
2021-11-23 21:32:12,336 INFO     HeadsofOrders:[0, 7, 4, 8]
2021-11-23 21:32:12,336 INFO     Taco counter: 2
2021-11-23 21:32:12,337 INFO     Iniciando particion de orden x
2021-11-23 21:32:12,337 INFO     Stack 16 has ben put in head
2021-11-23 21:32:12,342 INFO     Stack 17 has ben put in head
2021-11-23 21:32:12,343 INFO     Stack 18 has ben put in head
2021-11-23 21:32:12,348 INFO     Stack 19 has ben put ahead
2021-11-23 21:32:12,348 INFO     Sorting start
2021-11-23 21:32:12,348 INFO     Sorting end
2021-11-23 21:32:12,348 INFO     Finalizada la particion y organización de orden x
2021-11-23 21:32:15,351 INFO     {'0': [38.333349999999996, 1.987366318766668, (0, 0, 0), 1637731926.323461, 5.0, 7.66667, 12.5, 2.5], '4': [38.333349999999996, 1.9873177429468776, (0, 1, 1), 1637731926.3237307, 5.0, 7.66667, 12.5, 2.5], '7': [22.66668, 1.4619831924548532, (0, 2, 0), 1637731926.3241625, 4, 5.66667, 2.0, 2.0], '8': [25.5, 1.1574152184818305, (1, 0, 0), 1637731929.3292627, 3.0, 8.5, 7.5, 2.5], '9': [34.0, 0.29411764705882354, (1, 0, 1), 1637731929.3295853, 4.0, 8.5, 10.0, 2.5], '10': [34.0, 0.29411764705882354, (1, 0, 2), 1637731929.3298588, 4.0, 8.5, 10.0, 2.5], '11': [34.0, 0.29411764705882354, (1, 0, 3), 1637731929.330183, 4.0, 8.5, 10.0, 2.5], '12': [34.0, 0.29411764705882354, (1, 0, 4), 1637731929.3304532, 4.0, 8.5, 10.0, 2.5], '13': [34.0, 0.29411764705882354, (1, 0, 5), 1637731929.3307214, 4.0, 8.5, 10.0, 2.5], '14': [34.0, 0.29411764705882354, (1, 0, 6), 1637731929.331033, 4.0, 8.5, 10.0, 2.5], '15': [34.0, 0.29411764705882354, (1, 0, 7), 1637731929.3313556, 4.0, 8.5, 10.0, 2.5], '16': [34.00002, 0.8030770954120892, (2, 0, 0), 1637731932.3374166, 6.0, 5.66667, 12.0, 2.0], '19': [36.0, 0.8147363673316108, (2, 1, 0), 1637731932.3481967, 8, 4.5, 12.0, 1.5], '1': [38.333349999999996, 0.26086945179589055, (0, 0, 1), 1637731926.3235443, 5.0, 7.66667, 12.5, 2.5], '2': [38.333349999999996, 0.26086945179589055, (0, 0, 2), 1637731926.323602, 5.0, 7.66667, 12.5, 2.5], '5': [38.333349999999996, 0.26086945179589055, (0, 1, 2), 1637731926.323881, 5.0, 7.66667, 12.5, 2.5], '6': [38.333349999999996, 0.26086945179589055, (0, 1, 3), 1637731926.3240318, 5.0, 7.66667, 12.5, 2.5], '17': [39.66669, 0.25210069204160973, (2, 0, 1), 1637731932.3428915, 7.0, 5.66667, 14.0, 2.0], '18': [39.66669, 0.25210069204160973, (2, 0, 2), 1637731932.343004, 7.0, 5.66667, 14.0, 2.0]}
2021-11-23 21:32:15,352 INFO     HeadsofOrders:[0, 7, 4, 8, 16, 19]
2021-11-23 21:32:15,352 INFO     Taco counter: 4
2021-11-23 21:32:16,854 INFO     Stack 7 completed
2021-11-23 21:32:16,854 INFO     Taquero will sort to pick
2021-11-23 21:32:16,854 INFO     Sorting start
2021-11-23 21:32:16,855 INFO     Sorting end
2021-11-23 21:32:16,855 INFO     Taquero has sorted and will pick
2021-11-23 21:32:16,855 INFO     Stack 0 assigned to work at
2021-11-23 21:32:18,355 INFO     {'0': [38.333349999999996, 2.5629988769683982, (0, 0, 0), 1637731926.323461, 5.0, 7.66667, 11.5, 2.5], '4': [38.333349999999996, 2.562949204422667, (0, 1, 1), 1637731926.3237307, 5.0, 7.66667, 12.5, 2.5], '8': [25.5, 1.5403351415489235, (1, 0, 0), 1637731929.3292627, 3.0, 8.5, 7.5, 2.5], '19': [36.0, 1.3553292857276067, (2, 1, 0), 1637731932.3481967, 8, 4.5, 12.0, 1.5], '16': [34.00002, 1.3136372931642308, (2, 0, 0), 1637731932.3374166, 6.0, 5.66667, 12.0, 2.0], '9': [34.0, 0.29411764705882354, (1, 0, 1), 1637731929.3295853, 4.0, 8.5, 10.0, 2.5], '10': [34.0, 0.29411764705882354, (1, 0, 2), 1637731929.3298588, 4.0, 8.5, 10.0, 2.5], '11': [34.0, 0.29411764705882354, (1, 0, 3), 1637731929.330183, 4.0, 8.5, 10.0, 2.5], '12': [34.0, 0.29411764705882354, (1, 0, 4), 1637731929.3304532, 4.0, 8.5, 10.0, 2.5], '13': [34.0, 0.29411764705882354, (1, 0, 5), 1637731929.3307214, 4.0, 8.5, 10.0, 2.5], '14': [34.0, 0.29411764705882354, (1, 0, 6), 1637731929.331033, 4.0, 8.5, 10.0, 2.5], '15': [34.0, 0.29411764705882354, (1, 0, 7), 1637731929.3313556, 4.0, 8.5, 10.0, 2.5], '1': [38.333349999999996, 0.26086945179589055, (0, 0, 1), 1637731926.3235443, 5.0, 7.66667, 12.5, 2.5], '2': [38.333349999999996, 0.26086945179589055, (0, 0, 2), 1637731926.323602, 5.0, 7.66667, 12.5, 2.5], '5': [38.333349999999996, 0.26086945179589055, (0, 1, 2), 1637731926.323881, 5.0, 7.66667, 12.5, 2.5], '6': [38.333349999999996, 0.26086945179589055, (0, 1, 3), 1637731926.3240318, 5.0, 7.66667, 12.5, 2.5], '17': [39.66669, 0.25210069204160973, (2, 0, 1), 1637731932.3428915, 7.0, 5.66667, 14.0, 2.0], '18': [39.66669, 0.25210069204160973, (2, 0, 2), 1637731932.343004, 7.0, 5.66667, 14.0, 2.0]}
2021-11-23 21:32:18,356 INFO     HeadsofOrders:[0, 4, 8, 16, 19]
2021-11-23 21:32:18,356 INFO     Taco counter: 5
2021-11-23 21:32:21,359 INFO     {'0': [38.333349999999996, 3.1386499424203778, (0, 0, 0), 1637731926.323461, 5.0, 7.66667, 8.5, 2.5], '4': [38.333349999999996, 3.138600269874647, (0, 1, 1), 1637731926.3237307, 5.0, 7.66667, 12.5, 2.5], '8': [25.5, 1.9232681055162466, (1, 0, 0), 1637731929.3292627, 3.0, 8.5, 7.5, 2.5], '19': [36.0, 1.8959405289755926, (2, 1, 0), 1637731932.3481967, 8, 4.5, 12.0, 1.5], '16': [34.00002, 1.8242149193247572, (2, 0, 0), 1637731932.3374166, 6.0, 5.66667, 12.0, 2.0], '9': [34.0, 0.29411764705882354, (1, 0, 1), 1637731929.3295853, 4.0, 8.5, 10.0, 2.5], '10': [34.0, 0.29411764705882354, (1, 0, 2), 1637731929.3298588, 4.0, 8.5, 10.0, 2.5], '11': [34.0, 0.29411764705882354, (1, 0, 3), 1637731929.330183, 4.0, 8.5, 10.0, 2.5], '12': [34.0, 0.29411764705882354, (1, 0, 4), 1637731929.3304532, 4.0, 8.5, 10.0, 2.5], '13': [34.0, 0.29411764705882354, (1, 0, 5), 1637731929.3307214, 4.0, 8.5, 10.0, 2.5], '14': [34.0, 0.29411764705882354, (1, 0, 6), 1637731929.331033, 4.0, 8.5, 10.0, 2.5], '15': [34.0, 0.29411764705882354, (1, 0, 7), 1637731929.3313556, 4.0, 8.5, 10.0, 2.5], '1': [38.333349999999996, 0.26086945179589055, (0, 0, 1), 1637731926.3235443, 5.0, 7.66667, 12.5, 2.5], '2': [38.333349999999996, 0.26086945179589055, (0, 0, 2), 1637731926.323602, 5.0, 7.66667, 12.5, 2.5], '5': [38.333349999999996, 0.26086945179589055, (0, 1, 2), 1637731926.323881, 5.0, 7.66667, 12.5, 2.5], '6': [38.333349999999996, 0.26086945179589055, (0, 1, 3), 1637731926.3240318, 5.0, 7.66667, 12.5, 2.5], '17': [39.66669, 0.25210069204160973, (2, 0, 1), 1637731932.3428915, 7.0, 5.66667, 14.0, 2.0], '18': [39.66669, 0.25210069204160973, (2, 0, 2), 1637731932.343004, 7.0, 5.66667, 14.0, 2.0]}
2021-11-23 21:32:21,360 INFO     HeadsofOrders:[0, 4, 8, 16, 19]
2021-11-23 21:32:21,360 INFO     Taco counter: 6
2021-11-23 21:32:24,363 INFO     {'0': [38.333349999999996, 3.714120459364369, (0, 0, 0), 1637731926.323461, 5.0, 7.66667, 5.5, 2.5], '4': [38.333349999999996, 3.714070832515552, (0, 1, 1), 1637731926.3237307, 5.0, 7.66667, 12.5, 2.5], '8': [25.5, 2.3060809047315636, (1, 0, 0), 1637731929.3292627, 3.0, 8.5, 7.5, 2.5], '19': [36.0, 2.4363821278678044, (2, 1, 0), 1637731932.3481967, 8, 4.5, 12.0, 1.5], '16': [34.00002, 2.33463224465933, (2, 0, 0), 1637731932.3374166, 6.0, 5.66667, 12.0, 2.0], '9': [34.0, 0.29411764705882354, (1, 0, 1), 1637731929.3295853, 4.0, 8.5, 10.0, 2.5], '10': [34.0, 0.29411764705882354, (1, 0, 2), 1637731929.3298588, 4.0, 8.5, 10.0, 2.5], '11': [34.0, 0.29411764705882354, (1, 0, 3), 1637731929.330183, 4.0, 8.5, 10.0, 2.5], '12': [34.0, 0.29411764705882354, (1, 0, 4), 1637731929.3304532, 4.0, 8.5, 10.0, 2.5], '13': [34.0, 0.29411764705882354, (1, 0, 5), 1637731929.3307214, 4.0, 8.5, 10.0, 2.5], '14': [34.0, 0.29411764705882354, (1, 0, 6), 1637731929.331033, 4.0, 8.5, 10.0, 2.5], '15': [34.0, 0.29411764705882354, (1, 0, 7), 1637731929.3313556, 4.0, 8.5, 10.0, 2.5], '1': [38.333349999999996, 0.26086945179589055, (0, 0, 1), 1637731926.3235443, 5.0, 7.66667, 12.5, 2.5], '2': [38.333349999999996, 0.26086945179589055, (0, 0, 2), 1637731926.323602, 5.0, 7.66667, 12.5, 2.5], '5': [38.333349999999996, 0.26086945179589055, (0, 1, 2), 1637731926.323881, 5.0, 7.66667, 12.5, 2.5], '6': [38.333349999999996, 0.26086945179589055, (0, 1, 3), 1637731926.3240318, 5.0, 7.66667, 12.5, 2.5], '17': [39.66669, 0.25210069204160973, (2, 0, 1), 1637731932.3428915, 7.0, 5.66667, 14.0, 2.0], '18': [39.66669, 0.25210069204160973, (2, 0, 2), 1637731932.343004, 7.0, 5.66667, 14.0, 2.0]}
2021-11-23 21:32:24,364 INFO     HeadsofOrders:[0, 4, 8, 16, 19]
2021-11-23 21:32:24,364 INFO     Taco counter: 7
2021-11-23 21:32:27,367 INFO     {'0': [38.333349999999996, 4.289668798153237, (0, 0, 0), 1637731926.323461, 5.0, 7.66667, 2.5, 2.5], '4': [38.333349999999996, 4.289619125607506, (0, 1, 1), 1637731926.3237307, 5.0, 7.66667, 12.5, 2.5], '8': [25.5, 2.6889455939624822, (1, 0, 0), 1637731929.3292627, 3.0, 8.5, 7.5, 2.5], '19': [36.0, 2.9768970261679755, (2, 1, 0), 1637731932.3481967, 8, 4.5, 12.0, 1.5], '16': [34.00002, 2.8451187972532526, (2, 0, 0), 1637731932.3374166, 6.0, 5.66667, 12.0, 2.0], '9': [34.0, 0.29411764705882354, (1, 0, 1), 1637731929.3295853, 4.0, 8.5, 10.0, 2.5], '10': [34.0, 0.29411764705882354, (1, 0, 2), 1637731929.3298588, 4.0, 8.5, 10.0, 2.5], '11': [34.0, 0.29411764705882354, (1, 0, 3), 1637731929.330183, 4.0, 8.5, 10.0, 2.5], '12': [34.0, 0.29411764705882354, (1, 0, 4), 1637731929.3304532, 4.0, 8.5, 10.0, 2.5], '13': [34.0, 0.29411764705882354, (1, 0, 5), 1637731929.3307214, 4.0, 8.5, 10.0, 2.5], '14': [34.0, 0.29411764705882354, (1, 0, 6), 1637731929.331033, 4.0, 8.5, 10.0, 2.5], '15': [34.0, 0.29411764705882354, (1, 0, 7), 1637731929.3313556, 4.0, 8.5, 10.0, 2.5], '1': [38.333349999999996, 0.26086945179589055, (0, 0, 1), 1637731926.3235443, 5.0, 7.66667, 12.5, 2.5], '2': [38.333349999999996, 0.26086945179589055, (0, 0, 2), 1637731926.323602, 5.0, 7.66667, 12.5, 2.5], '5': [38.333349999999996, 0.26086945179589055, (0, 1, 2), 1637731926.323881, 5.0, 7.66667, 12.5, 2.5], '6': [38.333349999999996, 0.26086945179589055, (0, 1, 3), 1637731926.3240318, 5.0, 7.66667, 12.5, 2.5], '17': [39.66669, 0.25210069204160973, (2, 0, 1), 1637731932.3428915, 7.0, 5.66667, 14.0, 2.0], '18': [39.66669, 0.25210069204160973, (2, 0, 2), 1637731932.343004, 7.0, 5.66667, 14.0, 2.0]}
2021-11-23 21:32:27,368 INFO     HeadsofOrders:[0, 4, 8, 16, 19]
2021-11-23 21:32:27,368 INFO     Taco counter: 9
2021-11-23 21:32:29,371 INFO     Stack 0 completed
2021-11-23 21:32:29,371 INFO     Taquero will sort to pick
2021-11-23 21:32:29,371 INFO     Sorting start
2021-11-23 21:32:29,372 INFO     Sorting end
2021-11-23 21:32:29,372 INFO     Taquero has sorted and will pick
2021-11-23 21:32:29,372 INFO     Stack 4 assigned to work at
2021-11-23 21:32:30,372 INFO     {'4': [38.333349999999996, 4.8652694142119435, (0, 1, 1), 1637731926.3237307, 5.0, 7.66667, 12.0, 2.5], '19': [36.0, 3.517508398161994, (2, 1, 0), 1637731932.3481967, 8, 4.5, 12.0, 1.5], '16': [34.00002, 3.3556965044761435, (2, 0, 0), 1637731932.3374166, 6.0, 5.66667, 12.0, 2.0], '8': [25.5, 3.071878557929806, (1, 0, 0), 1637731929.3292627, 3.0, 8.5, 7.5, 2.5], '9': [34.0, 0.29411764705882354, (1, 0, 1), 1637731929.3295853, 4.0, 8.5, 10.0, 2.5], '10': [34.0, 0.29411764705882354, (1, 0, 2), 1637731929.3298588, 4.0, 8.5, 10.0, 2.5], '11': [34.0, 0.29411764705882354, (1, 0, 3), 1637731929.330183, 4.0, 8.5, 10.0, 2.5], '12': [34.0, 0.29411764705882354, (1, 0, 4), 1637731929.3304532, 4.0, 8.5, 10.0, 2.5], '13': [34.0, 0.29411764705882354, (1, 0, 5), 1637731929.3307214, 4.0, 8.5, 10.0, 2.5], '14': [34.0, 0.29411764705882354, (1, 0, 6), 1637731929.331033, 4.0, 8.5, 10.0, 2.5], '15': [34.0, 0.29411764705882354, (1, 0, 7), 1637731929.3313556, 4.0, 8.5, 10.0, 2.5], '1': [38.333349999999996, 4.865310724222377, (0, 0, 1), 1637731926.3235443, 5.0, 7.66667, 12.5, 2.5], '2': [38.333349999999996, 0.26086945179589055, (0, 0, 2), 1637731926.323602, 5.0, 7.66667, 12.5, 2.5], '5': [38.333349999999996, 0.26086945179589055, (0, 1, 2), 1637731926.323881, 5.0, 7.66667, 12.5, 2.5], '6': [38.333349999999996, 0.26086945179589055, (0, 1, 3), 1637731926.3240318, 5.0, 7.66667, 12.5, 2.5], '17': [39.66669, 0.25210069204160973, (2, 0, 1), 1637731932.3428915, 7.0, 5.66667, 14.0, 2.0], '18': [39.66669, 0.25210069204160973, (2, 0, 2), 1637731932.343004, 7.0, 5.66667, 14.0, 2.0]}
2021-11-23 21:32:30,372 INFO     HeadsofOrders:[4, 8, 16, 19, 1]
2021-11-23 21:32:30,373 INFO     Taco counter: 10
2021-11-23 21:32:33,375 INFO     {'4': [38.333349999999996, 5.4409239983263165, (0, 1, 1), 1637731926.3237307, 5.0, 7.66667, 9.0, 2.5], '19': [36.0, 4.058122860060798, (2, 1, 0), 1637731932.3481967, 8, 4.5, 12.0, 1.5], '16': [34.00002, 3.8662771704753416, (2, 0, 0), 1637731932.3374166, 6.0, 5.66667, 12.0, 2.0], '8': [25.5, 3.4548138321731603, (1, 0, 0), 1637731929.3292627, 3.0, 8.5, 7.5, 2.5], '9': [34.0, 0.29411764705882354, (1, 0, 1), 1637731929.3295853, 4.0, 8.5, 10.0, 2.5], '10': [34.0, 0.29411764705882354, (1, 0, 2), 1637731929.3298588, 4.0, 8.5, 10.0, 2.5], '11': [34.0, 0.29411764705882354, (1, 0, 3), 1637731929.330183, 4.0, 8.5, 10.0, 2.5], '12': [34.0, 0.29411764705882354, (1, 0, 4), 1637731929.3304532, 4.0, 8.5, 10.0, 2.5], '13': [34.0, 0.29411764705882354, (1, 0, 5), 1637731929.3307214, 4.0, 8.5, 10.0, 2.5], '14': [34.0, 0.29411764705882354, (1, 0, 6), 1637731929.331033, 4.0, 8.5, 10.0, 2.5], '15': [34.0, 0.29411764705882354, (1, 0, 7), 1637731929.3313556, 4.0, 8.5, 10.0, 2.5], '1': [38.333349999999996, 5.440965216942921, (0, 0, 1), 1637731926.3235443, 5.0, 7.66667, 12.5, 2.5], '2': [38.333349999999996, 0.26086945179589055, (0, 0, 2), 1637731926.323602, 5.0, 7.66667, 12.5, 2.5], '5': [38.333349999999996, 0.26086945179589055, (0, 1, 2), 1637731926.323881, 5.0, 7.66667, 12.5, 2.5], '6': [38.333349999999996, 0.26086945179589055, (0, 1, 3), 1637731926.3240318, 5.0, 7.66667, 12.5, 2.5], '17': [39.66669, 0.25210069204160973, (2, 0, 1), 1637731932.3428915, 7.0, 5.66667, 14.0, 2.0], '18': [39.66669, 0.25210069204160973, (2, 0, 2), 1637731932.343004, 7.0, 5.66667, 14.0, 2.0]}
2021-11-23 21:32:33,375 INFO     HeadsofOrders:[4, 8, 16, 19, 1]
2021-11-23 21:32:33,375 INFO     Taco counter: 11
2021-11-23 21:32:36,379 INFO     {'4': [38.333349999999996, 6.01636677724339, (0, 1, 1), 1637731926.3237307, 5.0, 7.66667, 6.0, 2.5], '19': [36.0, 4.598535276518928, (2, 1, 0), 1637731932.3481967, 8, 4.5, 12.0, 1.5], '16': [34.00002, 4.376667664167238, (2, 0, 0), 1637731932.3374166, 6.0, 5.66667, 12.0, 2.0], '8': [25.5, 3.8376071460340535, (1, 0, 0), 1637731929.3292627, 3.0, 8.5, 7.5, 2.5], '9': [34.0, 0.29411764705882354, (1, 0, 1), 1637731929.3295853, 4.0, 8.5, 10.0, 2.5], '10': [34.0, 0.29411764705882354, (1, 0, 2), 1637731929.3298588, 4.0, 8.5, 10.0, 2.5], '11': [34.0, 0.29411764705882354, (1, 0, 3), 1637731929.330183, 4.0, 8.5, 10.0, 2.5], '12': [34.0, 0.29411764705882354, (1, 0, 4), 1637731929.3304532, 4.0, 8.5, 10.0, 2.5], '13': [34.0, 0.29411764705882354, (1, 0, 5), 1637731929.3307214, 4.0, 8.5, 10.0, 2.5], '14': [34.0, 0.29411764705882354, (1, 0, 6), 1637731929.331033, 4.0, 8.5, 10.0, 2.5], '15': [34.0, 0.29411764705882354, (1, 0, 7), 1637731929.3313556, 4.0, 8.5, 10.0, 2.5], '1': [38.333349999999996, 6.016403837440803, (0, 0, 1), 1637731926.3235443, 5.0, 7.66667, 12.5, 2.5], '2': [38.333349999999996, 0.26086945179589055, (0, 0, 2), 1637731926.323602, 5.0, 7.66667, 12.5, 2.5], '5': [38.333349999999996, 0.26086945179589055, (0, 1, 2), 1637731926.323881, 5.0, 7.66667, 12.5, 2.5], '6': [38.333349999999996, 0.26086945179589055, (0, 1, 3), 1637731926.3240318, 5.0, 7.66667, 12.5, 2.5], '17': [39.66669, 0.25210069204160973, (2, 0, 1), 1637731932.3428915, 7.0, 5.66667, 14.0, 2.0], '18': [39.66669, 0.25210069204160973, (2, 0, 2), 1637731932.343004, 7.0, 5.66667, 14.0, 2.0]}
2021-11-23 21:32:36,379 INFO     HeadsofOrders:[4, 8, 16, 19, 1]
2021-11-23 21:32:36,379 INFO     Taco counter: 12
2021-11-23 21:32:40,338 INFO     {}
2021-11-23 21:32:40,339 INFO     HeadsofOrders:[]
2021-11-23 21:32:40,339 INFO     Taco counter: 0
2021-11-23 21:32:59,688 INFO     {}
2021-11-23 21:32:59,699 INFO     HeadsofOrders:[]
2021-11-23 21:32:59,699 INFO     Taco counter: 0
